20:55:39  INFO  manager.ApplManager - all tests starts at Chrome Browser
20:55:41  INFO  manager.ApplManager - Link ------->https://contacts-app.tobbymarshall815.vercel.app/home
20:55:42  INFO  tests.TestBase - Test name---->addNewContactSuccesCsv
20:55:42  INFO  manager.MyListener - Start search element by locatorBy.xpath: //button[text()='Sign Out']
20:55:52  INFO  manager.MyListener - element by locatorBy.xpath: //button[text()='Sign Out'] was found
20:55:52  INFO  manager.MyListener - Start search element by locatorBy.linkText: LOGIN
20:55:52  INFO  manager.MyListener - element by locatorBy.linkText: LOGIN was found
20:55:52  INFO  manager.MyListener - Start search element by locatorBy.linkText: LOGIN
20:55:52  INFO  manager.MyListener - element by locatorBy.linkText: LOGIN was found
20:55:52  INFO  manager.MyListener - Start search element by locatorBy.xpath: //input[1]
20:55:52  INFO  manager.MyListener - element by locatorBy.xpath: //input[1] was found
20:55:53  INFO  manager.MyListener - Start search element by locatorBy.xpath: //input[2]
20:55:53  INFO  manager.MyListener - element by locatorBy.xpath: //input[2] was found
20:55:53  INFO  manager.MyListener - Start search element by locatorBy.xpath: //button[1]
20:55:53  INFO  manager.MyListener - element by locatorBy.xpath: //button[1] was found
20:55:55  INFO  manager.MyListener - Start search element by locatorBy.cssSelector: .contact-item_card__2SOIM
20:56:05  INFO  manager.MyListener - element by locatorBy.cssSelector: .contact-item_card__2SOIM was found
20:56:05  INFO  tests.TestBase - the test 'Add new contact' starts with count of contact in the start ----> 0
20:56:05  INFO  tests.TestBase - the test 'Add new contact' starts with data ----> Contact{name='Mona10', lastName='Dow', phone='12345678910', eMail='mona10@mail.com', address='Africa', description='Hot Place'}
20:56:05  INFO  manager.MyListener - Start search element by locatorBy.xpath: //a[@href='/add']
20:56:08  INFO  manager.MyListener - element by locatorBy.xpath: //a[@href='/add'] was found
20:56:09  INFO  manager.MyListener - Start search element by locatorBy.xpath: //input[@placeholder='Name']
20:56:09  INFO  manager.MyListener - element by locatorBy.xpath: //input[@placeholder='Name'] was found
20:56:09  INFO  manager.MyListener - Start search element by locatorBy.xpath: //input[@placeholder='Last Name']
20:56:09  INFO  manager.MyListener - element by locatorBy.xpath: //input[@placeholder='Last Name'] was found
20:56:09  INFO  manager.MyListener - Start search element by locatorBy.xpath: //input[@placeholder='Phone']
20:56:09  INFO  manager.MyListener - element by locatorBy.xpath: //input[@placeholder='Phone'] was found
20:56:10  INFO  manager.MyListener - Start search element by locatorBy.xpath: //input[@placeholder='email']
20:56:10  INFO  manager.MyListener - element by locatorBy.xpath: //input[@placeholder='email'] was found
20:56:10  INFO  manager.MyListener - Start search element by locatorBy.xpath: //input[@placeholder='Address']
20:56:10  INFO  manager.MyListener - element by locatorBy.xpath: //input[@placeholder='Address'] was found
20:56:10  INFO  manager.MyListener - Start search element by locatorBy.xpath: //input[@placeholder='description']
20:56:10  INFO  manager.MyListener - element by locatorBy.xpath: //input[@placeholder='description'] was found
20:56:11  INFO  manager.MyListener - Start search element by locatorBy.xpath: //b
20:56:11  INFO  manager.MyListener - element by locatorBy.xpath: //b was found
20:56:11  INFO  manager.MyListener - Start search element by locatorBy.cssSelector: .contact-item_card__2SOIM
20:56:11  INFO  manager.MyListener - element by locatorBy.cssSelector: .contact-item_card__2SOIM was found
20:56:11  INFO  tests.TestBase - the test 'Add new contact' ends with count of contact in the end ----> 19
20:56:13  INFO  tests.TestBase - End of testaddNewContactSuccesCsv
20:56:13  INFO  tests.TestBase - Test name---->addNewContactSuccesCsv
20:56:13  INFO  manager.MyListener - Start search element by locatorBy.xpath: //button[text()='Sign Out']
20:56:13  INFO  manager.MyListener - element by locatorBy.xpath: //button[text()='Sign Out'] was found
20:56:13  INFO  manager.MyListener - Start search element by locatorBy.cssSelector: .contact-item_card__2SOIM
20:56:13  INFO  manager.MyListener - element by locatorBy.cssSelector: .contact-item_card__2SOIM was found
20:56:13  INFO  tests.TestBase - the test 'Add new contact' starts with count of contact in the start ----> 19
20:56:13  INFO  tests.TestBase - the test 'Add new contact' starts with data ----> Contact{name='Mona111', lastName='Dow', phone='12345678911', eMail='mona11@mail.com', address='Africa', description='Hot Place'}
20:56:13  INFO  manager.MyListener - Start search element by locatorBy.xpath: //a[@href='/add']
20:56:13  INFO  manager.MyListener - element by locatorBy.xpath: //a[@href='/add'] was found
20:56:13  INFO  manager.MyListener - Start search element by locatorBy.xpath: //input[@placeholder='Name']
20:56:13  INFO  manager.MyListener - element by locatorBy.xpath: //input[@placeholder='Name'] was found
20:56:14  INFO  manager.MyListener - Start search element by locatorBy.xpath: //input[@placeholder='Last Name']
20:56:14  INFO  manager.MyListener - element by locatorBy.xpath: //input[@placeholder='Last Name'] was found
20:56:14  INFO  manager.MyListener - Start search element by locatorBy.xpath: //input[@placeholder='Phone']
20:56:14  INFO  manager.MyListener - element by locatorBy.xpath: //input[@placeholder='Phone'] was found
20:56:14  INFO  manager.MyListener - Start search element by locatorBy.xpath: //input[@placeholder='email']
20:56:14  INFO  manager.MyListener - element by locatorBy.xpath: //input[@placeholder='email'] was found
20:56:15  INFO  manager.MyListener - Start search element by locatorBy.xpath: //input[@placeholder='Address']
20:56:15  INFO  manager.MyListener - element by locatorBy.xpath: //input[@placeholder='Address'] was found
20:56:15  INFO  manager.MyListener - Start search element by locatorBy.xpath: //input[@placeholder='description']
20:56:15  INFO  manager.MyListener - element by locatorBy.xpath: //input[@placeholder='description'] was found
20:56:15  INFO  manager.MyListener - Start search element by locatorBy.xpath: //b
20:56:15  INFO  manager.MyListener - element by locatorBy.xpath: //b was found
20:56:16  INFO  manager.MyListener - Start search element by locatorBy.cssSelector: .contact-item_card__2SOIM
20:56:16  INFO  manager.MyListener - element by locatorBy.cssSelector: .contact-item_card__2SOIM was found
20:56:16  INFO  tests.TestBase - the test 'Add new contact' ends with count of contact in the end ----> 20
20:56:18  INFO  manager.MyListener - Start search element by locatorBy.cssSelector: h2
20:56:18  INFO  manager.MyListener - element by locatorBy.cssSelector: h2 was found
20:56:18  INFO  manager.MyListener - Start search element by locatorBy.cssSelector: h3
20:56:18  INFO  manager.MyListener - element by locatorBy.cssSelector: h3 was found
20:56:18  INFO  tests.TestBase - End of testaddNewContactSuccesCsv
