21:28:03  INFO  manager.ApplManager - all tests starts at Chrome Browser
21:28:05  INFO  manager.ApplManager - Link ------->https://contacts-app.tobbymarshall815.vercel.app/home
21:28:06  INFO  tests.TestBase - Test name---->addNewContactSucces
21:28:06  INFO  manager.MyListener - Start search element by locatorBy.xpath: //button[text()='Sign Out']
21:28:16  INFO  manager.MyListener - element by locatorBy.xpath: //button[text()='Sign Out'] was found
21:28:16  INFO  manager.MyListener - Start search element by locatorBy.linkText: LOGIN
21:28:16  INFO  manager.MyListener - element by locatorBy.linkText: LOGIN was found
21:28:16  INFO  manager.MyListener - Start search element by locatorBy.linkText: LOGIN
21:28:16  INFO  manager.MyListener - element by locatorBy.linkText: LOGIN was found
21:28:17  INFO  manager.MyListener - Start search element by locatorBy.xpath: //input[1]
21:28:17  INFO  manager.MyListener - element by locatorBy.xpath: //input[1] was found
21:28:17  INFO  manager.MyListener - Start search element by locatorBy.xpath: //input[2]
21:28:17  INFO  manager.MyListener - element by locatorBy.xpath: //input[2] was found
21:28:18  INFO  manager.MyListener - Start search element by locatorBy.xpath: //button[1]
21:28:18  INFO  manager.MyListener - element by locatorBy.xpath: //button[1] was found
21:28:20  INFO  manager.MyListener - Start search element by locatorBy.cssSelector: .contact-item_card__2SOIM
21:28:20  INFO  manager.MyListener - element by locatorBy.cssSelector: .contact-item_card__2SOIM was found
21:28:20  INFO  tests.TestBase - the test 'Add new contact' starts with count of contact in the start ----> 20
21:28:20  INFO  manager.MyListener - Start search element by locatorBy.xpath: //a[@href='/add']
21:28:20  INFO  manager.MyListener - element by locatorBy.xpath: //a[@href='/add'] was found
21:28:20  INFO  manager.MyListener - Start search element by locatorBy.xpath: //input[@placeholder='Name']
21:28:20  INFO  manager.MyListener - element by locatorBy.xpath: //input[@placeholder='Name'] was found
21:28:20  INFO  manager.MyListener - Start search element by locatorBy.xpath: //input[@placeholder='Last Name']
21:28:20  INFO  manager.MyListener - element by locatorBy.xpath: //input[@placeholder='Last Name'] was found
21:28:21  INFO  manager.MyListener - Start search element by locatorBy.xpath: //input[@placeholder='Phone']
21:28:21  INFO  manager.MyListener - element by locatorBy.xpath: //input[@placeholder='Phone'] was found
21:28:21  INFO  manager.MyListener - Start search element by locatorBy.xpath: //input[@placeholder='email']
21:28:21  INFO  manager.MyListener - element by locatorBy.xpath: //input[@placeholder='email'] was found
21:28:22  INFO  manager.MyListener - Start search element by locatorBy.xpath: //input[@placeholder='Address']
21:28:22  INFO  manager.MyListener - element by locatorBy.xpath: //input[@placeholder='Address'] was found
21:28:22  INFO  manager.MyListener - Start search element by locatorBy.xpath: //input[@placeholder='description']
21:28:22  INFO  manager.MyListener - element by locatorBy.xpath: //input[@placeholder='description'] was found
21:28:22  INFO  manager.MyListener - Start search element by locatorBy.xpath: //b
21:28:23  INFO  manager.MyListener - element by locatorBy.xpath: //b was found
21:28:23  INFO  manager.MyListener - Start search element by locatorBy.cssSelector: .contact-item_card__2SOIM
21:28:23  INFO  manager.MyListener - element by locatorBy.cssSelector: .contact-item_card__2SOIM was found
21:28:23  INFO  tests.TestBase - the test 'Add new contact' ends with count of contact in the end ----> 21
21:28:25  INFO  manager.MyListener - Start search element by locatorBy.cssSelector: h2
21:28:25  INFO  manager.MyListener - element by locatorBy.cssSelector: h2 was found
21:28:25  INFO  manager.MyListener - Start search element by locatorBy.cssSelector: h3
21:28:25  INFO  manager.MyListener - element by locatorBy.cssSelector: h3 was found
21:28:26  INFO  tests.TestBase - End of testaddNewContactSucces
21:28:26  INFO  tests.TestBase - Test name---->addNewContactSucces
21:28:26  INFO  manager.MyListener - Start search element by locatorBy.xpath: //button[text()='Sign Out']
21:28:26  INFO  manager.MyListener - element by locatorBy.xpath: //button[text()='Sign Out'] was found
21:28:26  INFO  manager.MyListener - Start search element by locatorBy.cssSelector: .contact-item_card__2SOIM
21:28:26  INFO  manager.MyListener - element by locatorBy.cssSelector: .contact-item_card__2SOIM was found
21:28:26  INFO  tests.TestBase - the test 'Add new contact' starts with count of contact in the start ----> 21
21:28:26  INFO  manager.MyListener - Start search element by locatorBy.xpath: //a[@href='/add']
21:28:26  INFO  manager.MyListener - element by locatorBy.xpath: //a[@href='/add'] was found
21:28:26  INFO  manager.MyListener - Start search element by locatorBy.xpath: //input[@placeholder='Name']
21:28:26  INFO  manager.MyListener - element by locatorBy.xpath: //input[@placeholder='Name'] was found
21:28:26  INFO  manager.MyListener - Start search element by locatorBy.xpath: //input[@placeholder='Last Name']
21:28:26  INFO  manager.MyListener - element by locatorBy.xpath: //input[@placeholder='Last Name'] was found
21:28:27  INFO  manager.MyListener - Start search element by locatorBy.xpath: //input[@placeholder='Phone']
21:28:27  INFO  manager.MyListener - element by locatorBy.xpath: //input[@placeholder='Phone'] was found
21:28:27  INFO  manager.MyListener - Start search element by locatorBy.xpath: //input[@placeholder='email']
21:28:27  INFO  manager.MyListener - element by locatorBy.xpath: //input[@placeholder='email'] was found
21:28:27  INFO  manager.MyListener - Start search element by locatorBy.xpath: //input[@placeholder='Address']
21:28:27  INFO  manager.MyListener - element by locatorBy.xpath: //input[@placeholder='Address'] was found
21:28:28  INFO  manager.MyListener - Start search element by locatorBy.xpath: //input[@placeholder='description']
21:28:28  INFO  manager.MyListener - element by locatorBy.xpath: //input[@placeholder='description'] was found
21:28:28  INFO  manager.MyListener - Start search element by locatorBy.xpath: //b
21:28:28  INFO  manager.MyListener - element by locatorBy.xpath: //b was found
21:28:28  INFO  manager.MyListener - Start search element by locatorBy.cssSelector: .contact-item_card__2SOIM
21:28:29  INFO  manager.MyListener - element by locatorBy.cssSelector: .contact-item_card__2SOIM was found
21:28:29  INFO  tests.TestBase - the test 'Add new contact' ends with count of contact in the end ----> 22
21:28:31  INFO  manager.MyListener - Start search element by locatorBy.cssSelector: h2
21:28:31  INFO  manager.MyListener - element by locatorBy.cssSelector: h2 was found
21:28:31  INFO  manager.MyListener - Start search element by locatorBy.cssSelector: h3
21:28:31  INFO  manager.MyListener - element by locatorBy.cssSelector: h3 was found
21:28:31  INFO  tests.TestBase - End of testaddNewContactSucces
21:28:31  INFO  tests.TestBase - Test name---->addNewContactSucces
21:28:31  INFO  manager.MyListener - Start search element by locatorBy.xpath: //button[text()='Sign Out']
21:28:31  INFO  manager.MyListener - element by locatorBy.xpath: //button[text()='Sign Out'] was found
21:28:31  INFO  manager.MyListener - Start search element by locatorBy.cssSelector: .contact-item_card__2SOIM
21:28:31  INFO  manager.MyListener - element by locatorBy.cssSelector: .contact-item_card__2SOIM was found
21:28:31  INFO  tests.TestBase - the test 'Add new contact' starts with count of contact in the start ----> 22
21:28:31  INFO  manager.MyListener - Start search element by locatorBy.xpath: //a[@href='/add']
21:28:31  INFO  manager.MyListener - element by locatorBy.xpath: //a[@href='/add'] was found
21:28:31  INFO  manager.MyListener - Start search element by locatorBy.xpath: //input[@placeholder='Name']
21:28:31  INFO  manager.MyListener - element by locatorBy.xpath: //input[@placeholder='Name'] was found
21:28:32  INFO  manager.MyListener - Start search element by locatorBy.xpath: //input[@placeholder='Last Name']
21:28:32  INFO  manager.MyListener - element by locatorBy.xpath: //input[@placeholder='Last Name'] was found
21:28:32  INFO  manager.MyListener - Start search element by locatorBy.xpath: //input[@placeholder='Phone']
21:28:32  INFO  manager.MyListener - element by locatorBy.xpath: //input[@placeholder='Phone'] was found
21:28:32  INFO  manager.MyListener - Start search element by locatorBy.xpath: //input[@placeholder='email']
21:28:32  INFO  manager.MyListener - element by locatorBy.xpath: //input[@placeholder='email'] was found
21:28:33  INFO  manager.MyListener - Start search element by locatorBy.xpath: //input[@placeholder='Address']
21:28:33  INFO  manager.MyListener - element by locatorBy.xpath: //input[@placeholder='Address'] was found
21:28:33  INFO  manager.MyListener - Start search element by locatorBy.xpath: //input[@placeholder='description']
21:28:33  INFO  manager.MyListener - element by locatorBy.xpath: //input[@placeholder='description'] was found
21:28:33  INFO  manager.MyListener - Start search element by locatorBy.xpath: //b
21:28:33  INFO  manager.MyListener - element by locatorBy.xpath: //b was found
21:28:34  INFO  manager.MyListener - Start search element by locatorBy.cssSelector: .contact-item_card__2SOIM
21:28:34  INFO  manager.MyListener - element by locatorBy.cssSelector: .contact-item_card__2SOIM was found
21:28:34  INFO  tests.TestBase - the test 'Add new contact' ends with count of contact in the end ----> 23
21:28:36  INFO  manager.MyListener - Start search element by locatorBy.cssSelector: h2
21:28:36  INFO  manager.MyListener - element by locatorBy.cssSelector: h2 was found
21:28:36  INFO  manager.MyListener - Start search element by locatorBy.cssSelector: h3
21:28:36  INFO  manager.MyListener - element by locatorBy.cssSelector: h3 was found
21:28:36  INFO  tests.TestBase - End of testaddNewContactSucces
21:28:36  INFO  tests.TestBase - Test name---->addNewContactSuccesCsv
21:28:36  INFO  manager.MyListener - Start search element by locatorBy.xpath: //button[text()='Sign Out']
21:28:36  INFO  manager.MyListener - element by locatorBy.xpath: //button[text()='Sign Out'] was found
21:28:36  INFO  manager.MyListener - Start search element by locatorBy.cssSelector: .contact-item_card__2SOIM
21:28:36  INFO  manager.MyListener - element by locatorBy.cssSelector: .contact-item_card__2SOIM was found
21:28:36  INFO  tests.TestBase - the test 'Add new contact' starts with count of contact in the start ----> 23
21:28:36  INFO  tests.TestBase - the test 'Add new contact' starts with data ----> Contact{name='Mona10', lastName='Dow', phone='12345678910', eMail='mona10@mail.com', address='Africa', description='Hot Place'}
21:28:36  INFO  manager.MyListener - Start search element by locatorBy.xpath: //a[@href='/add']
21:28:36  INFO  manager.MyListener - element by locatorBy.xpath: //a[@href='/add'] was found
21:28:37  INFO  manager.MyListener - Start search element by locatorBy.xpath: //input[@placeholder='Name']
21:28:37  INFO  manager.MyListener - element by locatorBy.xpath: //input[@placeholder='Name'] was found
21:28:37  INFO  manager.MyListener - Start search element by locatorBy.xpath: //input[@placeholder='Last Name']
21:28:37  INFO  manager.MyListener - element by locatorBy.xpath: //input[@placeholder='Last Name'] was found
21:28:37  INFO  manager.MyListener - Start search element by locatorBy.xpath: //input[@placeholder='Phone']
21:28:37  INFO  manager.MyListener - element by locatorBy.xpath: //input[@placeholder='Phone'] was found
21:28:37  INFO  manager.MyListener - Start search element by locatorBy.xpath: //input[@placeholder='email']
21:28:38  INFO  manager.MyListener - element by locatorBy.xpath: //input[@placeholder='email'] was found
21:28:38  INFO  manager.MyListener - Start search element by locatorBy.xpath: //input[@placeholder='Address']
21:28:38  INFO  manager.MyListener - element by locatorBy.xpath: //input[@placeholder='Address'] was found
21:28:38  INFO  manager.MyListener - Start search element by locatorBy.xpath: //input[@placeholder='description']
21:28:38  INFO  manager.MyListener - element by locatorBy.xpath: //input[@placeholder='description'] was found
21:28:38  INFO  manager.MyListener - Start search element by locatorBy.xpath: //b
21:28:39  INFO  manager.MyListener - element by locatorBy.xpath: //b was found
21:28:39  INFO  manager.MyListener - Start search element by locatorBy.cssSelector: .contact-item_card__2SOIM
21:28:49  INFO  manager.MyListener - element by locatorBy.cssSelector: .contact-item_card__2SOIM was found
21:28:49  INFO  tests.TestBase - the test 'Add new contact' ends with count of contact in the end ----> 0
21:28:51  INFO  tests.TestBase - End of testaddNewContactSuccesCsv
21:28:51  INFO  tests.TestBase - Test name---->addNewContactSuccesCsv
21:28:51  INFO  manager.MyListener - Start search element by locatorBy.xpath: //button[text()='Sign Out']
21:28:51  INFO  manager.MyListener - element by locatorBy.xpath: //button[text()='Sign Out'] was found
21:28:51  INFO  manager.MyListener - Start search element by locatorBy.cssSelector: .contact-item_card__2SOIM
21:29:01  INFO  manager.MyListener - element by locatorBy.cssSelector: .contact-item_card__2SOIM was found
21:29:01  INFO  tests.TestBase - the test 'Add new contact' starts with count of contact in the start ----> 0
21:29:01  INFO  tests.TestBase - the test 'Add new contact' starts with data ----> Contact{name='Mona111', lastName='Dow', phone='12345678911', eMail='mona11@mail.com', address='Africa', description='Hot Place'}
21:29:01  INFO  manager.MyListener - Start search element by locatorBy.xpath: //a[@href='/add']
21:29:01  INFO  manager.MyListener - element by locatorBy.xpath: //a[@href='/add'] was found
21:29:01  INFO  manager.MyListener - Start search element by locatorBy.xpath: //input[@placeholder='Name']
21:29:01  INFO  manager.MyListener - element by locatorBy.xpath: //input[@placeholder='Name'] was found
21:29:02  INFO  manager.MyListener - Start search element by locatorBy.xpath: //input[@placeholder='Last Name']
21:29:02  INFO  manager.MyListener - element by locatorBy.xpath: //input[@placeholder='Last Name'] was found
21:29:02  INFO  manager.MyListener - Start search element by locatorBy.xpath: //input[@placeholder='Phone']
21:29:02  INFO  manager.MyListener - element by locatorBy.xpath: //input[@placeholder='Phone'] was found
21:29:02  INFO  manager.MyListener - Start search element by locatorBy.xpath: //input[@placeholder='email']
21:29:02  INFO  manager.MyListener - element by locatorBy.xpath: //input[@placeholder='email'] was found
21:29:03  INFO  manager.MyListener - Start search element by locatorBy.xpath: //input[@placeholder='Address']
21:29:03  INFO  manager.MyListener - element by locatorBy.xpath: //input[@placeholder='Address'] was found
21:29:03  INFO  manager.MyListener - Start search element by locatorBy.xpath: //input[@placeholder='description']
21:29:03  INFO  manager.MyListener - element by locatorBy.xpath: //input[@placeholder='description'] was found
21:29:03  INFO  manager.MyListener - Start search element by locatorBy.xpath: //b
21:29:03  INFO  manager.MyListener - element by locatorBy.xpath: //b was found
21:29:03  INFO  manager.MyListener - Start search element by locatorBy.cssSelector: .contact-item_card__2SOIM
21:29:13  INFO  manager.MyListener - element by locatorBy.cssSelector: .contact-item_card__2SOIM was found
21:29:13  INFO  tests.TestBase - the test 'Add new contact' ends with count of contact in the end ----> 0
21:29:16  INFO  tests.TestBase - End of testaddNewContactSuccesCsv
21:29:16  INFO  tests.TestBase - Test name---->loginPositiveTestDataProvider
21:29:16  INFO  manager.MyListener - Start search element by locatorBy.xpath: //button[text()='Sign Out']
21:29:16  INFO  manager.MyListener - element by locatorBy.xpath: //button[text()='Sign Out'] was found
21:29:16  INFO  manager.MyListener - Start search element by locatorBy.xpath: //button[text()='Sign Out']
21:29:16  INFO  manager.MyListener - element by locatorBy.xpath: //button[text()='Sign Out'] was found
21:29:16  INFO  tests.TestBase - User starts login test with e-mail: noa@gmail.com && password: Nnoa12345$
21:29:16  INFO  manager.MyListener - Start search element by locatorBy.linkText: LOGIN
21:29:16  INFO  manager.MyListener - element by locatorBy.linkText: LOGIN was found
21:29:16  INFO  manager.MyListener - Start search element by locatorBy.linkText: LOGIN
21:29:16  INFO  manager.MyListener - element by locatorBy.linkText: LOGIN was found
21:29:16  INFO  manager.MyListener - Start search element by locatorBy.xpath: //input[1]
21:29:16  INFO  manager.MyListener - element by locatorBy.xpath: //input[1] was found
21:29:17  INFO  manager.MyListener - Start search element by locatorBy.xpath: //input[2]
21:29:17  INFO  manager.MyListener - element by locatorBy.xpath: //input[2] was found
21:29:17  INFO  manager.MyListener - Start search element by locatorBy.xpath: //button[1]
21:29:17  INFO  manager.MyListener - element by locatorBy.xpath: //button[1] was found
21:29:17  INFO  manager.MyListener - Start search element by locatorBy.xpath: //button[text()='Sign Out']
21:29:17  INFO  manager.MyListener - element by locatorBy.xpath: //button[text()='Sign Out'] was found
21:29:17  INFO  tests.TestBase - End of testloginPositiveTestDataProvider
21:29:17  INFO  tests.TestBase - Test name---->loginPositiveTestDataProvider
21:29:17  INFO  manager.MyListener - Start search element by locatorBy.xpath: //button[text()='Sign Out']
21:29:18  INFO  manager.MyListener - element by locatorBy.xpath: //button[text()='Sign Out'] was found
21:29:18  INFO  manager.MyListener - Start search element by locatorBy.xpath: //button[text()='Sign Out']
21:29:18  INFO  manager.MyListener - element by locatorBy.xpath: //button[text()='Sign Out'] was found
21:29:18  INFO  tests.TestBase - User starts login test with e-mail: noa@gmail.com && password: Nnoa12345$
21:29:18  INFO  manager.MyListener - Start search element by locatorBy.linkText: LOGIN
21:29:18  INFO  manager.MyListener - element by locatorBy.linkText: LOGIN was found
21:29:18  INFO  manager.MyListener - Start search element by locatorBy.linkText: LOGIN
21:29:18  INFO  manager.MyListener - element by locatorBy.linkText: LOGIN was found
21:29:18  INFO  manager.MyListener - Start search element by locatorBy.xpath: //input[1]
21:29:18  INFO  manager.MyListener - element by locatorBy.xpath: //input[1] was found
21:29:19  INFO  manager.MyListener - Start search element by locatorBy.xpath: //input[2]
21:29:19  INFO  manager.MyListener - element by locatorBy.xpath: //input[2] was found
21:29:19  INFO  manager.MyListener - Start search element by locatorBy.xpath: //button[1]
21:29:19  INFO  manager.MyListener - element by locatorBy.xpath: //button[1] was found
21:29:19  INFO  manager.MyListener - Start search element by locatorBy.xpath: //button[text()='Sign Out']
21:29:19  INFO  manager.MyListener - element by locatorBy.xpath: //button[text()='Sign Out'] was found
21:29:19  INFO  tests.TestBase - End of testloginPositiveTestDataProvider
21:29:19  INFO  tests.TestBase - Test name---->loginPositiveTestDataProvider
21:29:19  INFO  manager.MyListener - Start search element by locatorBy.xpath: //button[text()='Sign Out']
21:29:19  INFO  manager.MyListener - element by locatorBy.xpath: //button[text()='Sign Out'] was found
21:29:19  INFO  manager.MyListener - Start search element by locatorBy.xpath: //button[text()='Sign Out']
21:29:19  INFO  manager.MyListener - element by locatorBy.xpath: //button[text()='Sign Out'] was found
21:29:20  INFO  tests.TestBase - User starts login test with e-mail: noa@gmail.com && password: Nnoa12345$
21:29:20  INFO  manager.MyListener - Start search element by locatorBy.linkText: LOGIN
21:29:20  INFO  manager.MyListener - element by locatorBy.linkText: LOGIN was found
21:29:20  INFO  manager.MyListener - Start search element by locatorBy.linkText: LOGIN
21:29:20  INFO  manager.MyListener - element by locatorBy.linkText: LOGIN was found
21:29:20  INFO  manager.MyListener - Start search element by locatorBy.xpath: //input[1]
21:29:20  INFO  manager.MyListener - element by locatorBy.xpath: //input[1] was found
21:29:20  INFO  manager.MyListener - Start search element by locatorBy.xpath: //input[2]
21:29:20  INFO  manager.MyListener - element by locatorBy.xpath: //input[2] was found
21:29:21  INFO  manager.MyListener - Start search element by locatorBy.xpath: //button[1]
21:29:21  INFO  manager.MyListener - element by locatorBy.xpath: //button[1] was found
21:29:21  INFO  manager.MyListener - Start search element by locatorBy.xpath: //button[text()='Sign Out']
21:29:21  INFO  manager.MyListener - element by locatorBy.xpath: //button[text()='Sign Out'] was found
21:29:21  INFO  tests.TestBase - End of testloginPositiveTestDataProvider
21:29:21  INFO  tests.TestBase - Test name---->loginTest2
21:29:21  INFO  manager.MyListener - Start search element by locatorBy.xpath: //button[text()='Sign Out']
21:29:21  INFO  manager.MyListener - element by locatorBy.xpath: //button[text()='Sign Out'] was found
21:29:21  INFO  manager.MyListener - Start search element by locatorBy.xpath: //button[text()='Sign Out']
21:29:21  INFO  manager.MyListener - element by locatorBy.xpath: //button[text()='Sign Out'] was found
21:29:21  INFO  manager.MyListener - Start search element by locatorBy.linkText: LOGIN
21:29:21  INFO  manager.MyListener - element by locatorBy.linkText: LOGIN was found
21:29:21  INFO  manager.MyListener - Start search element by locatorBy.linkText: LOGIN
21:29:21  INFO  manager.MyListener - element by locatorBy.linkText: LOGIN was found
21:29:22  INFO  manager.MyListener - Start search element by locatorBy.xpath: //input[1]
21:29:22  INFO  manager.MyListener - element by locatorBy.xpath: //input[1] was found
21:29:22  INFO  manager.MyListener - Start search element by locatorBy.xpath: //input[2]
21:29:22  INFO  manager.MyListener - element by locatorBy.xpath: //input[2] was found
21:29:22  INFO  manager.MyListener - Start search element by locatorBy.xpath: //button[1]
21:29:22  INFO  manager.MyListener - element by locatorBy.xpath: //button[1] was found
21:29:23  INFO  manager.MyListener - Start search element by locatorBy.xpath: //button[text()='Sign Out']
21:29:23  INFO  manager.MyListener - element by locatorBy.xpath: //button[text()='Sign Out'] was found
21:29:23  INFO  tests.TestBase - End of testloginTest2
21:29:23  INFO  tests.TestBase - Test name---->loginTestWrongEmail
21:29:23  INFO  manager.MyListener - Start search element by locatorBy.xpath: //button[text()='Sign Out']
21:29:23  INFO  manager.MyListener - element by locatorBy.xpath: //button[text()='Sign Out'] was found
21:29:23  INFO  manager.MyListener - Start search element by locatorBy.xpath: //button[text()='Sign Out']
21:29:23  INFO  manager.MyListener - element by locatorBy.xpath: //button[text()='Sign Out'] was found
21:29:23  INFO  manager.MyListener - Start search element by locatorBy.linkText: LOGIN
21:29:23  INFO  manager.MyListener - element by locatorBy.linkText: LOGIN was found
21:29:23  INFO  manager.MyListener - Start search element by locatorBy.linkText: LOGIN
21:29:23  INFO  manager.MyListener - element by locatorBy.linkText: LOGIN was found
21:29:23  INFO  manager.MyListener - Start search element by locatorBy.xpath: //input[1]
21:29:23  INFO  manager.MyListener - element by locatorBy.xpath: //input[1] was found
21:29:24  INFO  manager.MyListener - Start search element by locatorBy.xpath: //input[2]
21:29:24  INFO  manager.MyListener - element by locatorBy.xpath: //input[2] was found
21:29:24  INFO  manager.MyListener - Start search element by locatorBy.xpath: //button[1]
21:29:24  INFO  manager.MyListener - element by locatorBy.xpath: //button[1] was found
21:29:25  INFO  manager.MyListener - Start search element by locatorBy.xpath: //button[text()='Sign Out']
21:29:35  INFO  manager.MyListener - element by locatorBy.xpath: //button[text()='Sign Out'] was found
21:29:35  INFO  tests.TestBase - End of testloginTestWrongEmail
21:29:35  INFO  tests.TestBase - Test name---->regTestNegativeWrongEmail
21:29:35  INFO  manager.MyListener - Start search element by locatorBy.xpath: //button[text()='Sign Out']
21:29:45  INFO  manager.MyListener - element by locatorBy.xpath: //button[text()='Sign Out'] was found
21:29:46  INFO  manager.MyListener - Start search element by locatorBy.linkText: LOGIN
21:29:46  INFO  manager.MyListener - element by locatorBy.linkText: LOGIN was found
21:29:46  INFO  manager.MyListener - Start search element by locatorBy.linkText: LOGIN
21:29:46  INFO  manager.MyListener - element by locatorBy.linkText: LOGIN was found
21:29:46  INFO  manager.MyListener - Start search element by locatorBy.xpath: //input[1]
21:29:46  INFO  manager.MyListener - element by locatorBy.xpath: //input[1] was found
21:29:47  INFO  manager.MyListener - Start search element by locatorBy.xpath: //input[2]
21:29:47  INFO  manager.MyListener - element by locatorBy.xpath: //input[2] was found
21:29:47  INFO  manager.MyListener - Start search element by locatorBy.xpath: //button[2]
21:29:47  INFO  manager.MyListener - element by locatorBy.xpath: //button[2] was found
21:29:48  INFO  manager.MyListener - Start search element by locatorBy.linkText: LOGIN
21:29:48  INFO  manager.MyListener - element by locatorBy.linkText: LOGIN was found
21:29:48  INFO  tests.TestBase - End of testregTestNegativeWrongEmail
21:29:48  INFO  tests.TestBase - Test name---->regTestPositive
21:29:48  INFO  manager.MyListener - Start search element by locatorBy.xpath: //button[text()='Sign Out']
21:29:58  INFO  manager.MyListener - element by locatorBy.xpath: //button[text()='Sign Out'] was found
21:29:58  INFO  manager.MyListener - Start search element by locatorBy.linkText: LOGIN
21:29:58  INFO  manager.MyListener - element by locatorBy.linkText: LOGIN was found
21:29:58  INFO  manager.MyListener - Start search element by locatorBy.linkText: LOGIN
21:29:58  INFO  manager.MyListener - element by locatorBy.linkText: LOGIN was found
21:29:58  INFO  manager.MyListener - Start search element by locatorBy.xpath: //input[1]
21:29:58  INFO  manager.MyListener - element by locatorBy.xpath: //input[1] was found
21:29:59  INFO  manager.MyListener - Start search element by locatorBy.xpath: //input[2]
21:29:59  INFO  manager.MyListener - element by locatorBy.xpath: //input[2] was found
21:29:59  INFO  manager.MyListener - Start search element by locatorBy.xpath: //button[2]
21:29:59  INFO  manager.MyListener - element by locatorBy.xpath: //button[2] was found
21:30:00  INFO  manager.MyListener - Start search element by locatorBy.xpath: //button[text()='Sign Out']
21:30:00  INFO  manager.MyListener - element by locatorBy.xpath: //button[text()='Sign Out'] was found
21:30:00  INFO  tests.TestBase - End of testregTestPositive
21:30:00  INFO  tests.TestBase - Test name---->removeContact
21:30:00  INFO  manager.MyListener - Start search element by locatorBy.xpath: //button[text()='Sign Out']
21:30:00  INFO  manager.MyListener - element by locatorBy.xpath: //button[text()='Sign Out'] was found
21:30:00  INFO  manager.MyListener - Start search element by locatorBy.cssSelector: .contact-item_card__2SOIM
21:30:10  INFO  manager.MyListener - Something went wrong
21:30:10  INFO  manager.MyListener - Unable to locate element: .contact-item_card__2SOIM
For documentation on this error, please visit: https://www.seleniumhq.org/exceptions/no_such_element.html
Build info: version: '3.141.59', revision: 'e82be7d358', time: '2018-11-14T08:17:03'
System info: host: 'ANTON-PC', ip: '192.168.1.196', os.name: 'Windows 10', os.arch: 'amd64', os.version: '10.0', java.version: '11.0.13'
Driver info: org.openqa.selenium.firefox.FirefoxDriver
Capabilities {acceptInsecureCerts: true, browserName: firefox, browserVersion: 98.0, javascriptEnabled: true, moz:accessibilityChecks: false, moz:buildID: 20220304153049, moz:geckodriverVersion: 0.30.0, moz:headless: false, moz:processID: 20036, moz:profile: C:\Users\saban\AppData\Loca..., moz:shutdownTimeout: 60000, moz:useNonSpecCompliantPointerOrigin: false, moz:webdriverClick: true, pageLoadStrategy: normal, platform: WINDOWS, platformName: WINDOWS, platformVersion: 10.0, proxy: Proxy(), setWindowRect: true, strictFileInteractability: false, timeouts: {implicit: 0, pageLoad: 300000, script: 30000}, unhandledPromptBehavior: dismiss and notify}
Session ID: 9de93ee3-8d73-4437-b700-a8b193e7fa7b
*** Element info: {Using=css selector, value=.contact-item_card__2SOIM}
21:30:10  INFO  manager.MyListener - org.openqa.selenium.NoSuchElementException: Unable to locate element: .contact-item_card__2SOIM
For documentation on this error, please visit: https://www.seleniumhq.org/exceptions/no_such_element.html
Build info: version: '3.141.59', revision: 'e82be7d358', time: '2018-11-14T08:17:03'
System info: host: 'ANTON-PC', ip: '192.168.1.196', os.name: 'Windows 10', os.arch: 'amd64', os.version: '10.0', java.version: '11.0.13'
Driver info: org.openqa.selenium.firefox.FirefoxDriver
Capabilities {acceptInsecureCerts: true, browserName: firefox, browserVersion: 98.0, javascriptEnabled: true, moz:accessibilityChecks: false, moz:buildID: 20220304153049, moz:geckodriverVersion: 0.30.0, moz:headless: false, moz:processID: 20036, moz:profile: C:\Users\saban\AppData\Loca..., moz:shutdownTimeout: 60000, moz:useNonSpecCompliantPointerOrigin: false, moz:webdriverClick: true, pageLoadStrategy: normal, platform: WINDOWS, platformName: WINDOWS, platformVersion: 10.0, proxy: Proxy(), setWindowRect: true, strictFileInteractability: false, timeouts: {implicit: 0, pageLoad: 300000, script: 30000}, unhandledPromptBehavior: dismiss and notify}
Session ID: 9de93ee3-8d73-4437-b700-a8b193e7fa7b
*** Element info: {Using=css selector, value=.contact-item_card__2SOIM}
21:30:11  INFO  manager.MyListener - this link to screenshots with error ---------->src/test/screenshots1810.png
21:30:11  INFO  tests.TestBase - End of testremoveContact
21:30:11  INFO  tests.TestBase - Test name---->removeContactCount
21:30:11  INFO  manager.MyListener - Start search element by locatorBy.xpath: //button[text()='Sign Out']
21:30:11  INFO  manager.MyListener - element by locatorBy.xpath: //button[text()='Sign Out'] was found
21:30:11  INFO  manager.MyListener - Start search element by locatorBy.cssSelector: .contact-item_card__2SOIM
21:30:21  INFO  manager.MyListener - element by locatorBy.cssSelector: .contact-item_card__2SOIM was found
21:30:21  INFO  manager.BaseHelper - before remove contact tests- contact was ---->0
21:30:21  INFO  manager.MyListener - Start search element by locatorBy.cssSelector: .contact-item_card__2SOIM h3
21:30:31  INFO  manager.MyListener - element by locatorBy.cssSelector: .contact-item_card__2SOIM h3 was found
21:30:31  INFO  manager.MyListener - Start search element by locatorBy.cssSelector: .contact-item_card__2SOIM
21:30:41  INFO  manager.MyListener - element by locatorBy.cssSelector: .contact-item_card__2SOIM was found
21:30:41  INFO  manager.BaseHelper - After removing one contact the count is --->0
21:30:41  INFO  tests.TestBase - End of testremoveContactCount
21:30:41  INFO  tests.TestBase - Test name---->removeAllContactsTest
21:30:41  INFO  manager.MyListener - Start search element by locatorBy.xpath: //button[text()='Sign Out']
21:30:42  INFO  manager.MyListener - element by locatorBy.xpath: //button[text()='Sign Out'] was found
21:30:42  INFO  manager.MyListener - Start search element by locatorBy.cssSelector: .contact-item_card__2SOIM
21:30:52  INFO  manager.MyListener - element by locatorBy.cssSelector: .contact-item_card__2SOIM was found
21:30:52  INFO  manager.MyListener - Start search element by locatorBy.cssSelector: .contact-item_card__2SOIM h3
21:31:02  INFO  manager.MyListener - element by locatorBy.cssSelector: .contact-item_card__2SOIM h3 was found
21:31:02  INFO  tests.TestBase - End of testremoveAllContactsTest
