23:13:48  INFO  manager.ApplManager - all tests starts at Chrome Browser
23:13:49  INFO  manager.ApplManager - Link ------->https://contacts-app.tobbymarshall815.vercel.app/home
23:13:50  INFO  tests.TestBase - Test name---->removeContact
23:13:50  INFO  manager.MyListener - Start search element by locatorBy.xpath: //button[text()='Sign Out']
23:14:00  INFO  manager.MyListener - element by locatorBy.xpath: //button[text()='Sign Out'] was found
23:14:00  INFO  manager.MyListener - Start search element by locatorBy.linkText: LOGIN
23:14:00  INFO  manager.MyListener - element by locatorBy.linkText: LOGIN was found
23:14:00  INFO  manager.MyListener - Start search element by locatorBy.linkText: LOGIN
23:14:00  INFO  manager.MyListener - element by locatorBy.linkText: LOGIN was found
23:14:01  INFO  manager.MyListener - Start search element by locatorBy.xpath: //input[1]
23:14:01  INFO  manager.MyListener - element by locatorBy.xpath: //input[1] was found
23:14:01  INFO  manager.MyListener - Start search element by locatorBy.xpath: //input[2]
23:14:01  INFO  manager.MyListener - element by locatorBy.xpath: //input[2] was found
23:14:02  INFO  manager.MyListener - Start search element by locatorBy.xpath: //button[1]
23:14:02  INFO  manager.MyListener - element by locatorBy.xpath: //button[1] was found
23:14:04  INFO  manager.MyListener - Start search element by locatorBy.cssSelector: .contact-item_card__2SOIM
23:14:04  INFO  manager.MyListener - element by locatorBy.cssSelector: .contact-item_card__2SOIM was found
23:14:04  INFO  manager.MyListener - Start search element by locatorBy.xpath: //button[.='Remove']
23:14:04  INFO  manager.MyListener - element by locatorBy.xpath: //button[.='Remove'] was found
23:14:04  INFO  tests.TestBase - End of testremoveContact
