19:42:14  INFO  manager.ApplManager - all tests starts at Chrome Browser
19:42:14  INFO  manager.ApplManager - Link ------->https://contacts-app.tobbymarshall815.vercel.app/home
19:42:15  INFO  tests.TestBase - Test name---->loginTest2
19:42:15  INFO  manager.MyListener - Start search element by locatorBy.xpath: //button[text()='Sign Out']
19:42:25  INFO  manager.MyListener - element by locatorBy.xpath: //button[text()='Sign Out'] was found
19:42:25  INFO  manager.MyListener - Start search element by locatorBy.linkText: LOGIN
19:42:25  INFO  manager.MyListener - element by locatorBy.linkText: LOGIN was found
19:42:25  INFO  manager.MyListener - Start search element by locatorBy.linkText: LOGIN
19:42:25  INFO  manager.MyListener - element by locatorBy.linkText: LOGIN was found
19:42:26  INFO  manager.MyListener - Start search element by locatorBy.xpath: //input[1]
19:42:26  INFO  manager.MyListener - element by locatorBy.xpath: //input[1] was found
19:42:26  INFO  manager.MyListener - Start search element by locatorBy.xpath: input[2]
19:42:36  INFO  manager.MyListener - Something went wrong
19:42:36  INFO  manager.MyListener - Unable to locate element: input[2]
For documentation on this error, please visit: https://www.seleniumhq.org/exceptions/no_such_element.html
Build info: version: '3.141.59', revision: 'e82be7d358', time: '2018-11-14T08:17:03'
System info: host: 'ANTON-PC', ip: '192.168.1.196', os.name: 'Windows 10', os.arch: 'amd64', os.version: '10.0', java.version: '11.0.13'
Driver info: org.openqa.selenium.firefox.FirefoxDriver
Capabilities {acceptInsecureCerts: true, browserName: firefox, browserVersion: 98.0, javascriptEnabled: true, moz:accessibilityChecks: false, moz:buildID: 20220304153049, moz:geckodriverVersion: 0.30.0, moz:headless: false, moz:processID: 16796, moz:profile: C:\Users\saban\AppData\Loca..., moz:shutdownTimeout: 60000, moz:useNonSpecCompliantPointerOrigin: false, moz:webdriverClick: true, pageLoadStrategy: normal, platform: WINDOWS, platformName: WINDOWS, platformVersion: 10.0, proxy: Proxy(), setWindowRect: true, strictFileInteractability: false, timeouts: {implicit: 0, pageLoad: 300000, script: 30000}, unhandledPromptBehavior: dismiss and notify}
Session ID: 070219c4-6bf7-46ec-9c0b-b7d1f31ed836
*** Element info: {Using=xpath, value=input[2]}
19:42:36  INFO  manager.MyListener - org.openqa.selenium.NoSuchElementException: Unable to locate element: input[2]
For documentation on this error, please visit: https://www.seleniumhq.org/exceptions/no_such_element.html
Build info: version: '3.141.59', revision: 'e82be7d358', time: '2018-11-14T08:17:03'
System info: host: 'ANTON-PC', ip: '192.168.1.196', os.name: 'Windows 10', os.arch: 'amd64', os.version: '10.0', java.version: '11.0.13'
Driver info: org.openqa.selenium.firefox.FirefoxDriver
Capabilities {acceptInsecureCerts: true, browserName: firefox, browserVersion: 98.0, javascriptEnabled: true, moz:accessibilityChecks: false, moz:buildID: 20220304153049, moz:geckodriverVersion: 0.30.0, moz:headless: false, moz:processID: 16796, moz:profile: C:\Users\saban\AppData\Loca..., moz:shutdownTimeout: 60000, moz:useNonSpecCompliantPointerOrigin: false, moz:webdriverClick: true, pageLoadStrategy: normal, platform: WINDOWS, platformName: WINDOWS, platformVersion: 10.0, proxy: Proxy(), setWindowRect: true, strictFileInteractability: false, timeouts: {implicit: 0, pageLoad: 300000, script: 30000}, unhandledPromptBehavior: dismiss and notify}
Session ID: 070219c4-6bf7-46ec-9c0b-b7d1f31ed836
*** Element info: {Using=xpath, value=input[2]}
19:42:36  INFO  manager.MyListener - this link to screenshots with errorsrc/test/screenshots2556.png
19:42:36  INFO  tests.TestBase - End of testloginTest2
